<?xml version="1.0" encoding="UTF-8"?>
<!-- Generated by org.testng.reporters.JUnitReportReporter -->
<testsuite hostname="DESKTOP-F82EOL1" failures="0" tests="7" name="TestNG.TestInvocationCount" time="0.015" errors="0" timestamp="2022-10-28T07:47:40 IST" skipped="0">
  <testcase classname="TestNG.TestInvocationCount" name="cat" time="0.001"/>
  <system-out/>
  <testcase classname="TestNG.TestInvocationCount" name="dog" time="0.001"/>
  <system-out/>
  <testcase classname="TestNG.TestInvocationCount" name="dog" time="0.000"/>
  <system-out/>
  <testcase classname="TestNG.TestInvocationCount" name="Sanke" time="0.010"/>
  <system-out/>
  <testcase classname="TestNG.TestInvocationCount" name="Sanke" time="0.001"/>
  <system-out/>
  <testcase classname="TestNG.TestInvocationCount" name="dog" time="0.001"/>
  <system-out/>
  <testcase classname="TestNG.TestInvocationCount" name="dog" time="0.001"/>
  <system-out/>
</testsuite> <!-- TestNG.TestInvocationCount -->
