<?xml version="1.0" encoding="UTF-8"?>
<!-- Generated by org.testng.reporters.JUnitReportReporter -->
<testsuite hostname="DESKTOP-F82EOL1" failures="0" tests="3" name="TestNG.TestPriority" time="0.021" errors="0" timestamp="2022-10-28T07:11:43 IST" skipped="0">
  <testcase classname="TestNG.TestPriority" name="cat" time="0.018"/>
  <system-out/>
  <testcase classname="TestNG.TestPriority" name="snake" time="0.002"/>
  <system-out/>
  <testcase classname="TestNG.TestPriority" name="dog" time="0.001"/>
  <system-out/>
</testsuite> <!-- TestNG.TestPriority -->
